TN:
SF:src\dynamicAgentCreator.js
FN:5,generateAgentsFromTasks
FN:13,(anonymous_1)
FNF:2
FNH:2
FNDA:3,generateAgentsFromTasks
FNDA:4,(anonymous_1)
DA:6,3
DA:7,3
DA:9,3
DA:10,1
DA:13,4
DA:21,2
DA:26,2
DA:27,2
DA:29,2
DA:31,1
DA:32,1
DA:37,3
DA:38,0
DA:39,0
DA:40,0
LF:15
LH:12
BRDA:9,0,0,1
BRDA:9,0,1,2
BRDA:9,1,0,3
BRDA:9,1,1,2
BRDA:37,2,0,0
BRDA:37,2,1,3
BRF:6
BRH:5
end_of_record
TN:
SF:src\orchestrator.js
FN:23,(anonymous_0)
FN:35,(anonymous_1)
FN:37,(anonymous_2)
FN:41,broadcastUpdate
FN:43,(anonymous_4)
FN:46,generateAgentsFromDecomposition
FN:50,(anonymous_6)
FN:64,(anonymous_7)
FN:74,processTask
FN:111,(anonymous_9)
FN:121,(anonymous_10)
FN:129,(anonymous_11)
FN:134,(anonymous_12)
FN:136,(anonymous_13)
FN:145,(anonymous_14)
FN:155,(anonymous_15)
FN:164,(anonymous_16)
FN:174,(anonymous_17)
FN:183,(anonymous_18)
FN:185,(anonymous_19)
FN:194,(anonymous_20)
FNF:21
FNH:17
FNDA:1,(anonymous_0)
FNDA:1,(anonymous_1)
FNDA:1,(anonymous_2)
FNDA:27,broadcastUpdate
FNDA:0,(anonymous_4)
FNDA:8,generateAgentsFromDecomposition
FNDA:0,(anonymous_6)
FNDA:8,(anonymous_7)
FNDA:8,processTask
FNDA:9,(anonymous_9)
FNDA:8,(anonymous_10)
FNDA:2,(anonymous_11)
FNDA:0,(anonymous_12)
FNDA:0,(anonymous_13)
FNDA:3,(anonymous_14)
FNDA:1,(anonymous_15)
FNDA:3,(anonymous_16)
FNDA:1,(anonymous_17)
FNDA:2,(anonymous_18)
FNDA:1,(anonymous_19)
FNDA:10,(anonymous_20)
DA:10,10
DA:12,10
DA:13,10
DA:15,10
DA:16,10
DA:18,10
DA:20,10
DA:23,10
DA:24,1
DA:25,1
DA:26,1
DA:27,1
DA:29,1
DA:31,1
DA:32,1
DA:33,1
DA:35,1
DA:36,1
DA:37,1
DA:42,27
DA:43,27
DA:47,8
DA:48,0
DA:50,8
DA:57,8
DA:65,8
DA:66,8
DA:67,8
DA:68,8
DA:69,8
DA:70,8
DA:75,8
DA:77,8
DA:78,8
DA:80,8
DA:82,8
DA:83,8
DA:84,8
DA:86,8
DA:88,8
DA:89,8
DA:90,8
DA:92,8
DA:93,8
DA:94,8
DA:96,8
DA:97,0
DA:98,0
DA:99,0
DA:100,0
DA:101,0
DA:103,8
DA:104,8
DA:105,8
DA:106,8
DA:107,8
DA:111,10
DA:112,9
DA:113,9
DA:114,1
DA:116,8
DA:117,8
DA:119,8
DA:121,8
DA:122,8
DA:126,8
DA:129,10
DA:130,2
DA:134,10
DA:135,0
DA:136,0
DA:138,0
DA:139,0
DA:142,0
DA:145,10
DA:146,3
DA:147,3
DA:150,3
DA:151,3
DA:152,1
DA:155,2
DA:156,2
DA:157,1
DA:159,1
DA:160,1
DA:161,1
DA:164,10
DA:165,3
DA:166,3
DA:169,3
DA:170,3
DA:171,1
DA:174,2
DA:175,2
DA:176,1
DA:178,1
DA:179,1
DA:180,1
DA:183,10
DA:184,2
DA:185,2
DA:186,2
DA:187,1
DA:189,1
DA:190,1
DA:191,1
DA:194,10
DA:195,10
DA:196,0
LF:109
LH:97
BRDA:13,0,0,10
BRDA:13,0,1,10
BRDA:47,1,0,0
BRDA:47,1,1,8
BRDA:47,2,0,8
BRDA:47,2,1,8
BRDA:64,3,0,8
BRDA:64,4,0,8
BRDA:113,5,0,1
BRDA:113,5,1,8
BRDA:138,6,0,0
BRDA:138,6,1,0
BRDA:151,7,0,1
BRDA:151,7,1,2
BRDA:156,8,0,1
BRDA:156,8,1,1
BRDA:170,9,0,1
BRDA:170,9,1,2
BRDA:175,10,0,1
BRDA:175,10,1,1
BRDA:186,11,0,1
BRDA:186,11,1,1
BRDA:194,12,0,10
BRDA:194,12,1,0
BRDA:195,13,0,0
BRDA:195,13,1,10
BRF:26
BRH:21
end_of_record
TN:
SF:src\taskDecomposer.js
FN:43,cleanJsonResponse
FN:66,decomposeTask
FN:83,saveJsonToFile
FN:94,(anonymous_3)
FNF:4
FNH:3
FNDA:5,cleanJsonResponse
FNDA:6,decomposeTask
FNDA:2,saveJsonToFile
FNDA:0,(anonymous_3)
DA:6,8
DA:8,8
DA:10,8
DA:44,5
DA:45,5
DA:47,4
DA:48,4
DA:49,4
DA:51,3
DA:52,3
DA:53,3
DA:54,1
DA:56,2
DA:58,2
DA:59,2
DA:60,2
DA:67,6
DA:69,6
DA:70,6
DA:71,5
DA:73,5
DA:75,3
DA:76,2
DA:78,1
DA:79,1
DA:84,2
DA:85,2
DA:86,1
DA:88,1
DA:93,8
DA:94,0
DA:95,0
DA:97,0
DA:98,0
DA:99,0
DA:101,0
DA:103,0
LF:37
LH:30
BRDA:53,0,0,1
BRDA:53,0,1,2
BRDA:75,1,0,2
BRDA:75,1,1,1
BRDA:93,2,0,0
BRDA:93,2,1,8
BRF:6
BRH:5
end_of_record
